FamilyHouse/app/build/intermediates/manifest_merge_blame_file/debug/manifest-merger-blame-debug-report.txt
1<?xml version="1.0" encoding="utf-8"?>
2<manifest xmlns:android="http://schemas.android.com/apk/res/android"
3    package="com.example.family_house"
4    android:versionCode="1"
5    android:versionName="1.0" >
6
7    <uses-sdk
8        android:minSdkVersion="22"
8-->src\main\AndroidManifest.xml
9        android:targetSdkVersion="29" />
9-->src\main\AndroidManifest.xml
10
11    <uses-permission android:name="android.permission.INTERNET" />
11-->src\main\AndroidManifest.xml:4:5-66
11-->src\main\AndroidManifest.xml:4:22-64
12
13    <application
13-->src\main\AndroidManifest.xml:5:5-39:19
14        android:allowBackup="true"
14-->src\main\AndroidManifest.xml:6:9-35
15        android:appComponentFactory="androidx.core.app.CoreComponentFactory"
15-->[androidx.core:core:1.1.0] AndroidManifest.xml:24:18-86
16        android:debuggable="true"
17        android:icon="@mipmap/ic_launcher"
17-->src\main\AndroidManifest.xml:7:9-43
18        android:label="@string/app_name"
18-->src\main\AndroidManifest.xml:8:9-41
19        android:roundIcon="@mipmap/ic_launcher_round"
19-->src\main\AndroidManifest.xml:9:9-54
20        android:supportsRtl="true"
20-->src\main\AndroidManifest.xml:10:9-35
21        android:testOnly="true"
22        android:theme="@style/AppTheme" >
22-->src\main\AndroidManifest.xml:11:9-40
23        <activity android:name="com.example.family_house.MainActivity" >
23-->src\main\AndroidManifest.xml:12:9-18:20
23-->src\main\AndroidManifest.xml:12:19-47
24            <intent-filter>
24-->src\main\AndroidManifest.xml:13:13-17:29
25                <action android:name="android.intent.action.MAIN" />
25-->src\main\AndroidManifest.xml:14:17-69
25-->src\main\AndroidManifest.xml:14:25-66
26
27                <category android:name="android.intent.category.LAUNCHER" />
27-->src\main\AndroidManifest.xml:16:17-77
27-->src\main\AndroidManifest.xml:16:27-74
28            </intent-filter>
29        </activity>
30        <activity android:name="com.example.family_house.EventActivity" >
30-->src\main\AndroidManifest.xml:19:9-25:20
30-->src\main\AndroidManifest.xml:19:19-48
31            <intent-filter>
31-->src\main\AndroidManifest.xml:21:1-24:17
32                <action android:name="android.intent.action.EVENT" />
32-->src\main\AndroidManifest.xml:22:1-53
32-->src\main\AndroidManifest.xml:22:9-51
33
34                <category android:name="android.intent.category.INFO" />
34-->src\main\AndroidManifest.xml:23:13-68
34-->src\main\AndroidManifest.xml:23:23-66
35            </intent-filter>
36        </activity>
37        <activity android:name="com.example.family_house.SettingsActivity" >
37-->src\main\AndroidManifest.xml:26:9-32:20
37-->src\main\AndroidManifest.xml:26:19-51
38            <intent-filter>
38-->src\main\AndroidManifest.xml:27:13-30:29
39                <action android:name="android.intent.action.SETTINGS" />
39-->src\main\AndroidManifest.xml:28:17-72
39-->src\main\AndroidManifest.xml:28:25-70
40
41                <category android:name="android.intent.category.PREFERENCE" />
41-->src\main\AndroidManifest.xml:29:21-82
41-->src\main\AndroidManifest.xml:29:31-80
42            </intent-filter>
43        </activity>
44        <activity android:name="com.example.family_house.AlertActivity" >
44-->src\main\AndroidManifest.xml:33:9-38:20
44-->src\main\AndroidManifest.xml:33:19-48
45            <intent-filter>
45-->src\main\AndroidManifest.xml:34:13-37:29
46                <action android:name="android.intent.action.ALERT" />
46-->src\main\AndroidManifest.xml:35:17-69
46-->src\main\AndroidManifest.xml:35:25-67
47
48                <category android:name="android.intent.category.INFO" />
48-->src\main\AndroidManifest.xml:23:13-68
48-->src\main\AndroidManifest.xml:23:23-66
49            </intent-filter>
50        </activity>
51    </application>
52
53</manifest>